<?xml version="1.0" encoding="UTF-8"?>
<!-- Generated by org.testng.reporters.JUnitReportReporter -->
<testsuite hostname="DESKTOP-8PDR25K" failures="0" tests="4" name="testNgMethod.MultipleDataUsingExcel" time="35.883" errors="0" timestamp="2024-02-13T15:46:15 IST" skipped="0">
  <testcase classname="testNgMethod.MultipleDataUsingExcel" name="registerData" time="8.041"/>
  <testcase classname="testNgMethod.MultipleDataUsingExcel" name="registerData" time="11.437"/>
  <testcase classname="testNgMethod.MultipleDataUsingExcel" name="registerData" time="8.254"/>
  <testcase classname="testNgMethod.MultipleDataUsingExcel" name="registerData" time="8.151"/>
</testsuite> <!-- testNgMethod.MultipleDataUsingExcel -->
