<?xml version="1.0" encoding="UTF-8"?>
<!-- Generated by org.testng.reporters.JUnitReportReporter -->
<testsuite hostname="DESKTOP-8PDR25K" failures="0" tests="1" name="batchExceution.LaunchMaybellin" time="22.316" errors="0" timestamp="2024-02-12T15:10:55 IST" skipped="0">
  <testcase classname="batchExceution.LaunchMaybellin" name="maybellin" time="22.316"/>
</testsuite> <!-- batchExceution.LaunchMaybellin -->
