<?xml version="1.0" encoding="UTF-8"?>
<!-- Generated by org.testng.reporters.JUnitReportReporter -->
<testsuite hostname="DESKTOP-8PDR25K" failures="0" tests="1" name="testNgMethod.TimeOutMethod" time="0.020" errors="0" timestamp="2024-02-07T15:20:47 IST" skipped="0">
  <testcase classname="testNgMethod.TimeOutMethod" name="launch" time="0.020">
    <system-out>
      <![CDATA[TestNg]]>
    </system-out>
  </testcase> <!-- launch -->
  <system-out>
    <![CDATA[TestNg]]>
  </system-out>
</testsuite> <!-- testNgMethod.TimeOutMethod -->
