<?xml version="1.0" encoding="UTF-8"?>
<!-- Generated by org.testng.reporters.JUnitReportReporter -->
<testsuite hostname="DESKTOP-8PDR25K" failures="0" tests="3" name="testNgMethod.EnabledMethod" time="0.034" errors="0" timestamp="2024-02-06T16:36:20 IST" skipped="1">
  <testcase classname="testNgMethod.EnabledMethod" name="logout" time="0.005">
    <system-out>
      <![CDATA[user logout]]>
    </system-out>
  </testcase> <!-- logout -->
  <testcase classname="testNgMethod.EnabledMethod" name="addCart" time="0.029">
    <system-out>
      <![CDATA[user had product]]>
    </system-out>
  </testcase> <!-- addCart -->
  <testcase classname="testNgMethod.EnabledMethod" name="login">
    <skipped/>
  </testcase> <!-- login -->
  <system-out>
    <![CDATA[user had product
user logout]]>
  </system-out>
</testsuite> <!-- testNgMethod.EnabledMethod -->
