<?xml version="1.0" encoding="UTF-8"?>
<!-- Generated by org.testng.reporters.JUnitReportReporter -->
<testsuite hostname="DESKTOP-8PDR25K" failures="0" tests="1" name="testNgMethod.AnnatationMethod" time="0.025" errors="0" timestamp="2024-02-07T16:36:34 IST" skipped="0">
  <testcase classname="testNgMethod.AnnatationMethod" name="actions" time="0.025">
    <system-out>
      <![CDATA[used has performed actions]]>
    </system-out>
  </testcase> <!-- actions -->
  <system-out>
    <![CDATA[connected with dataBase
Percondotion to launch
launch the appln
login actions
used has performed actions
user has logout
close the browser
post conditions
close conn b/w DataBase]]>
  </system-out>
</testsuite> <!-- testNgMethod.AnnatationMethod -->
