<?xml version="1.0" encoding="UTF-8"?>
<!-- Generated by org.testng.reporters.JUnitReportReporter -->
<testsuite hostname="DESKTOP-8PDR25K" failures="0" tests="1" name="testNgMethod.Basic" time="0.015" errors="0" timestamp="2024-02-05T16:31:18 IST" skipped="0">
  <testcase classname="testNgMethod.Basic" name="launch" time="0.015">
    <system-out>
      <![CDATA[testNG is installed]]>
    </system-out>
  </testcase> <!-- launch -->
  <system-out>
    <![CDATA[testNG is installed]]>
  </system-out>
</testsuite> <!-- testNgMethod.Basic -->
