<?xml version="1.0" encoding="UTF-8"?>
<!-- Generated by org.testng.reporters.JUnitReportReporter -->
<testsuite hostname="DESKTOP-8PDR25K" failures="0" tests="1" name="assertion.LearningSoftAssert" time="10.794" errors="0" timestamp="2024-02-14T16:43:18 IST" skipped="0">
  <testcase classname="assertion.LearningSoftAssert" name="launchDemo" time="10.794"/>
</testsuite> <!-- assertion.LearningSoftAssert -->
