<?xml version="1.0" encoding="UTF-8"?>
<!-- Generated by org.testng.reporters.JUnitReportReporter -->
<testsuite hostname="DESKTOP-8PDR25K" failures="0" tests="1" name="genericLib.TestScript_01" time="10.072" errors="0" timestamp="2024-02-16T16:37:45 IST" skipped="0">
  <testcase classname="genericLib.TestScript_01" name="demo" time="10.072"/>
</testsuite> <!-- genericLib.TestScript_01 -->
