<?xml version="1.0" encoding="UTF-8"?>
<!-- Generated by org.testng.reporters.JUnitReportReporter -->
<testsuite hostname="DESKTOP-8PDR25K" failures="0" tests="2" name="testNgMethod.DataProviderMethod" time="0.018" errors="0" timestamp="2024-02-12T16:40:10 IST" skipped="0">
  <testcase classname="testNgMethod.DataProviderMethod" name="demo" time="0.016">
    <system-out>
      <![CDATA[UK
bindu
9876543568
A+
bindu@gmail.com]]>
    </system-out>
  </testcase> <!-- demo -->
  <testcase classname="testNgMethod.DataProviderMethod" name="demo" time="0.002">
    <system-out>
      <![CDATA[UK
rekha
87653468568
o+
rekha@gmail.com]]>
    </system-out>
  </testcase> <!-- demo -->
  <system-out>
    <![CDATA[UK
bindu
9876543568
A+
bindu@gmail.com
UK
rekha
87653468568
o+
rekha@gmail.com]]>
  </system-out>
</testsuite> <!-- testNgMethod.DataProviderMethod -->
