<?xml version="1.0" encoding="UTF-8"?>
<!-- Generated by org.testng.reporters.JUnitReportReporter -->
<testsuite hostname="DESKTOP-8PDR25K" failures="0" tests="1" name="batchExceution.LaunchSwiggy" time="62.347" errors="0" timestamp="2024-02-12T15:10:55 IST" skipped="0">
  <testcase classname="batchExceution.LaunchSwiggy" name="swiggy" time="62.347"/>
</testsuite> <!-- batchExceution.LaunchSwiggy -->
