<?xml version="1.0" encoding="UTF-8"?>
<!-- Generated by org.testng.reporters.JUnitReportReporter -->
<testsuite hostname="DESKTOP-8PDR25K" failures="0" tests="4" name="testNgMethod.PriorityMethod" time="0.020" errors="0" timestamp="2024-02-06T15:27:05 IST" skipped="0">
  <testcase classname="testNgMethod.PriorityMethod" name="register" time="0.010">
    <system-out>
      <![CDATA[user has registered]]>
    </system-out>
  </testcase> <!-- register -->
  <testcase classname="testNgMethod.PriorityMethod" name="login" time="0.004">
    <system-out>
      <![CDATA[user has login the appln]]>
    </system-out>
  </testcase> <!-- login -->
  <testcase classname="testNgMethod.PriorityMethod" name="addToCart" time="0.002">
    <system-out>
      <![CDATA[user has add the product to cart]]>
    </system-out>
  </testcase> <!-- addToCart -->
  <testcase classname="testNgMethod.PriorityMethod" name="logout" time="0.004">
    <system-out>
      <![CDATA[user has logout the appln]]>
    </system-out>
  </testcase> <!-- logout -->
  <system-out>
    <![CDATA[user has registered
user has login the appln
user has add the product to cart
user has logout the appln]]>
  </system-out>
</testsuite> <!-- testNgMethod.PriorityMethod -->
