<?xml version="1.0" encoding="UTF-8"?>
<!-- Generated by org.testng.reporters.JUnitReportReporter -->
<testsuite hostname="DESKTOP-8PDR25K" failures="0" tests="1" name="batchExceution.LaunchPizza" time="84.150" errors="0" timestamp="2024-02-12T15:10:55 IST" skipped="0">
  <testcase classname="batchExceution.LaunchPizza" name="pizza" time="84.150"/>
</testsuite> <!-- batchExceution.LaunchPizza -->
