<?xml version="1.0" encoding="UTF-8"?>
<!-- Generated by org.testng.reporters.JUnitReportReporter -->
<testsuite hostname="DESKTOP-8PDR25K" failures="0" tests="2" name="testNgMethod.CrossBrowserTesting" time="15.885" errors="0" timestamp="2024-02-29T11:04:27 IST" skipped="0">
  <testcase classname="testNgMethod.CrossBrowserTesting" name="launch" time="8.828"/>
  <system-out/>
  <testcase classname="testNgMethod.CrossBrowserTesting" name="launch" time="7.057"/>
  <system-out/>
</testsuite> <!-- testNgMethod.CrossBrowserTesting -->
