<?xml version="1.0" encoding="UTF-8"?>
<!-- Generated by org.testng.reporters.JUnitReportReporter -->
<testsuite hostname="DESKTOP-8PDR25K" failures="0" tests="4" name="testNgMethod.InvocationCountMethod" time="0.097" errors="0" timestamp="2024-02-06T15:54:15 IST" skipped="0">
  <testcase classname="testNgMethod.InvocationCountMethod" name="register" time="0.016">
    <system-out>
      <![CDATA[user has registered]]>
    </system-out>
  </testcase> <!-- register -->
  <testcase classname="testNgMethod.InvocationCountMethod" name="login" time="0.002">
    <system-out>
      <![CDATA[user has login]]>
    </system-out>
  </testcase> <!-- login -->
  <testcase classname="testNgMethod.InvocationCountMethod" name="addCart" time="0.072">
    <system-out>
      <![CDATA[user has added product]]>
    </system-out>
  </testcase> <!-- addCart -->
  <testcase classname="testNgMethod.InvocationCountMethod" name="addCart" time="0.007">
    <system-out>
      <![CDATA[user has added product]]>
    </system-out>
  </testcase> <!-- addCart -->
  <system-out>
    <![CDATA[user has added product
user has added product
user has login
user has registered]]>
  </system-out>
</testsuite> <!-- testNgMethod.InvocationCountMethod -->
