<?xml version="1.0" encoding="UTF-8"?>
<!-- Generated by org.testng.reporters.JUnitReportReporter -->
<testsuite hostname="DESKTOP-8PDR25K" failures="0" tests="1" name="testNgMethod.LaunchDemoWebShop" time="8.785" errors="0" timestamp="2024-02-05T16:40:12 IST" skipped="0">
  <testcase classname="testNgMethod.LaunchDemoWebShop" name="launchDemo" time="8.785"/>
</testsuite> <!-- testNgMethod.LaunchDemoWebShop -->
