<?xml version="1.0" encoding="UTF-8"?>
<!-- Generated by org.testng.reporters.JUnitReportReporter -->
<testsuite hostname="DESKTOP-8PDR25K" failures="0" tests="5" name="testNgMethod.ThreadPoolSizeMethod" time="0.066" errors="0" timestamp="2024-02-06T16:14:47 IST" skipped="0">
  <testcase classname="testNgMethod.ThreadPoolSizeMethod" name="login" time="0.008">
    <system-out>
      <![CDATA[user has login]]>
    </system-out>
  </testcase> <!-- login -->
  <testcase classname="testNgMethod.ThreadPoolSizeMethod" name="logout" time="0.002">
    <system-out>
      <![CDATA[user has logout]]>
    </system-out>
  </testcase> <!-- logout -->
  <testcase classname="testNgMethod.ThreadPoolSizeMethod" name="addCart" time="0.028">
    <system-out>
      <![CDATA[user added the product]]>
    </system-out>
  </testcase> <!-- addCart -->
  <testcase classname="testNgMethod.ThreadPoolSizeMethod" name="addCart" time="0.008">
    <system-out>
      <![CDATA[user added the product]]>
    </system-out>
  </testcase> <!-- addCart -->
  <testcase classname="testNgMethod.ThreadPoolSizeMethod" name="logout" time="0.020">
    <system-out>
      <![CDATA[user has logout]]>
    </system-out>
  </testcase> <!-- logout -->
  <system-out>
    <![CDATA[user added the product
user added the product
user has login
user has logout
user has logout]]>
  </system-out>
</testsuite> <!-- testNgMethod.ThreadPoolSizeMethod -->
